<?xml version="1.0" encoding="UTF-8"?>
<robot generator="Robot 7.3.2 (Python 3.14.0 on win32)" generated="2025-12-23T12:49:52.154652" rpa="false" schemaversion="5">
<suite id="s1" name="Testcases" source="C:\Users\AIFA USER 77\PycharmProjects\DDTTESTING\Testcases">
<suite id="s1-s1" name="HRM" source="C:\Users\AIFA USER 77\PycharmProjects\DDTTESTING\Testcases\HRM.robot">
<test id="s1-s1-t1" name="Valid Login Test" line="14">
<kw name="Open Browser To Login Page" owner="resource" type="SETUP">
<kw name="Open Browser" owner="SeleniumLibrary">
<msg time="2025-12-23T12:49:52.889338" level="INFO">Opening browser 'chrome' to base url 'https://opensource-demo.orangehrmlive.com/'.</msg>
<arg>${URL}</arg>
<arg>chrome</arg>
<doc>Opens a new browser instance to the optional ``url``.</doc>
<status status="PASS" start="2025-12-23T12:49:52.888802" elapsed="5.114855"/>
</kw>
<kw name="Maximize Browser Window" owner="SeleniumLibrary">
<doc>Maximizes current browser window.</doc>
<status status="PASS" start="2025-12-23T12:49:58.004338" elapsed="2.171245"/>
</kw>
<kw name="Wait Until Element Is Visible" owner="SeleniumLibrary">
<arg>name=username</arg>
<arg>10s</arg>
<doc>Waits until the element ``locator`` is visible.</doc>
<status status="PASS" start="2025-12-23T12:50:00.175979" elapsed="1.195177"/>
</kw>
<status status="PASS" start="2025-12-23T12:49:52.887203" elapsed="8.484187"/>
</kw>
<kw name="Input Username" owner="resource">
<kw name="Input Text" owner="SeleniumLibrary">
<msg time="2025-12-23T12:50:01.375342" level="INFO">Typing text 'Admin' into text field 'name=username'.</msg>
<arg>name=username</arg>
<arg>${username}</arg>
<doc>Types the given ``text`` into the text field identified by ``locator``.</doc>
<status status="PASS" start="2025-12-23T12:50:01.372529" elapsed="0.372391"/>
</kw>
<arg>${VALID_USER}</arg>
<status status="PASS" start="2025-12-23T12:50:01.371801" elapsed="0.373397"/>
</kw>
<kw name="Input Password" owner="resource">
<kw name="Input Text" owner="SeleniumLibrary">
<msg time="2025-12-23T12:50:01.751262" level="INFO">Typing text 'admin123' into text field 'name=password'.</msg>
<arg>name=password</arg>
<arg>${password}</arg>
<doc>Types the given ``text`` into the text field identified by ``locator``.</doc>
<status status="PASS" start="2025-12-23T12:50:01.749845" elapsed="0.519786"/>
</kw>
<arg>${VALID_PASSWORD}</arg>
<status status="PASS" start="2025-12-23T12:50:01.745709" elapsed="0.524168"/>
</kw>
<kw name="Click Login Button" owner="resource">
<kw name="Click Button" owner="SeleniumLibrary">
<msg time="2025-12-23T12:50:02.271213" level="INFO">Clicking button 'xpath=//button[@type='submit']'.</msg>
<arg>xpath=//button[@type='submit']</arg>
<doc>Clicks the button identified by ``locator``.</doc>
<status status="PASS" start="2025-12-23T12:50:02.270804" elapsed="0.275062"/>
</kw>
<status status="PASS" start="2025-12-23T12:50:02.270254" elapsed="0.275860"/>
</kw>
<kw name="Wait Until Element Is Visible" owner="SeleniumLibrary">
<arg>xpath=//h6[text()='Dashboard']</arg>
<arg>10s</arg>
<doc>Waits until the element ``locator`` is visible.</doc>
<status status="PASS" start="2025-12-23T12:50:02.546544" elapsed="1.964170"/>
</kw>
<kw name="Page Should Contain Element" owner="SeleniumLibrary">
<msg time="2025-12-23T12:50:04.523603" level="INFO">Current page contains element 'xpath=//h6[text()='Dashboard']'.</msg>
<arg>xpath=//h6[text()='Dashboard']</arg>
<doc>Verifies that element ``locator`` is found on the current page.</doc>
<status status="PASS" start="2025-12-23T12:50:04.511067" elapsed="0.012666"/>
</kw>
<kw name="Close Browser" owner="SeleniumLibrary" type="TEARDOWN">
<doc>Closes the current browser.</doc>
<status status="PASS" start="2025-12-23T12:50:04.524170" elapsed="2.521824"/>
</kw>
<doc>Verify login with correct username and password.</doc>
<status status="PASS" start="2025-12-23T12:49:52.885585" elapsed="14.160661"/>
</test>
<test id="s1-s1-t2" name="Invalid Login Test" line="22">
<kw name="Open Browser To Login Page" owner="resource" type="SETUP">
<kw name="Open Browser" owner="SeleniumLibrary">
<msg time="2025-12-23T12:50:07.049565" level="INFO">Opening browser 'chrome' to base url 'https://opensource-demo.orangehrmlive.com/'.</msg>
<arg>${URL}</arg>
<arg>chrome</arg>
<doc>Opens a new browser instance to the optional ``url``.</doc>
<status status="PASS" start="2025-12-23T12:50:07.049267" elapsed="3.875235"/>
</kw>
<kw name="Maximize Browser Window" owner="SeleniumLibrary">
<doc>Maximizes current browser window.</doc>
<status status="PASS" start="2025-12-23T12:50:10.925358" elapsed="1.638653"/>
</kw>
<kw name="Wait Until Element Is Visible" owner="SeleniumLibrary">
<arg>name=username</arg>
<arg>10s</arg>
<doc>Waits until the element ``locator`` is visible.</doc>
<status status="PASS" start="2025-12-23T12:50:12.564338" elapsed="0.624990"/>
</kw>
<status status="PASS" start="2025-12-23T12:50:07.048715" elapsed="6.140891"/>
</kw>
<kw name="Input Username" owner="resource">
<kw name="Input Text" owner="SeleniumLibrary">
<msg time="2025-12-23T12:50:13.191367" level="INFO">Typing text 'WrongUser' into text field 'name=username'.</msg>
<arg>name=username</arg>
<arg>${username}</arg>
<doc>Types the given ``text`` into the text field identified by ``locator``.</doc>
<status status="PASS" start="2025-12-23T12:50:13.190823" elapsed="0.223650"/>
</kw>
<arg>${INVALID_USER}</arg>
<status status="PASS" start="2025-12-23T12:50:13.190039" elapsed="0.224682"/>
</kw>
<kw name="Input Password" owner="resource">
<kw name="Input Text" owner="SeleniumLibrary">
<msg time="2025-12-23T12:50:13.416390" level="INFO">Typing text 'wrongpass' into text field 'name=password'.</msg>
<arg>name=password</arg>
<arg>${password}</arg>
<doc>Types the given ``text`` into the text field identified by ``locator``.</doc>
<status status="PASS" start="2025-12-23T12:50:13.415900" elapsed="0.240375"/>
</kw>
<arg>${INVALID_PASSWORD}</arg>
<status status="PASS" start="2025-12-23T12:50:13.415116" elapsed="0.241487"/>
</kw>
<kw name="Click Login Button" owner="resource">
<kw name="Click Button" owner="SeleniumLibrary">
<msg time="2025-12-23T12:50:13.658489" level="INFO">Clicking button 'xpath=//button[@type='submit']'.</msg>
<arg>xpath=//button[@type='submit']</arg>
<doc>Clicks the button identified by ``locator``.</doc>
<status status="PASS" start="2025-12-23T12:50:13.657913" elapsed="0.193069"/>
</kw>
<status status="PASS" start="2025-12-23T12:50:13.657100" elapsed="0.194427"/>
</kw>
<kw name="Wait Until Element Is Visible" owner="SeleniumLibrary">
<arg>xpath=//p[contains(@class,'oxd-alert-content-text')]</arg>
<arg>10s</arg>
<doc>Waits until the element ``locator`` is visible.</doc>
<status status="PASS" start="2025-12-23T12:50:13.852164" elapsed="1.440206"/>
</kw>
<kw name="Element Should Contain" owner="SeleniumLibrary">
<msg time="2025-12-23T12:50:15.325014" level="INFO">Element 'xpath=//p[contains(@class,'oxd-alert-content-text')]' contains text 'Invalid credentials'.</msg>
<arg>xpath=//p[contains(@class,'oxd-alert-content-text')]</arg>
<arg>Invalid credentials</arg>
<doc>Verifies that element ``locator`` contains text ``expected``.</doc>
<status status="PASS" start="2025-12-23T12:50:15.292721" elapsed="0.032482"/>
</kw>
<kw name="Close Browser" owner="SeleniumLibrary" type="TEARDOWN">
<doc>Closes the current browser.</doc>
<status status="PASS" start="2025-12-23T12:50:15.325669" elapsed="2.210174"/>
</kw>
<doc>Verify login fails with wrong credentials.</doc>
<status status="PASS" start="2025-12-23T12:50:07.047122" elapsed="10.488847"/>
</test>
<status status="PASS" start="2025-12-23T12:49:52.294764" elapsed="25.241755"/>
</suite>
<status status="PASS" start="2025-12-23T12:49:52.197597" elapsed="25.339641"/>
</suite>
<statistics>
<total>
<stat pass="2" fail="0" skip="0">All Tests</stat>
</total>
<tag>
</tag>
<suite>
<stat name="Testcases" id="s1" pass="2" fail="0" skip="0">Testcases</stat>
<stat name="HRM" id="s1-s1" pass="2" fail="0" skip="0">Testcases.HRM</stat>
</suite>
</statistics>
<errors>
<msg time="2025-12-23T12:49:52.138660" level="ERROR">Error in file 'C:\Users\AIFA USER 77\PycharmProjects\DDTTESTING\Testcases\TestDemo5excel.robot' on line 3: Non-existing setting 'DataDriver'.</msg>
<msg time="2025-12-23T12:49:52.187625" level="ERROR">Taking listener 'RobotStackTracer' into use failed: Importing listener 'RobotStackTracer' failed: ModuleNotFoundError: No module named 'RobotStackTracer'
Traceback (most recent call last):
  None
PYTHONPATH:
  C:\Users\AIFA USER 77\PycharmProjects\DDTTESTING\.venv\Scripts\robot.exe
  C:\Users\AIFA USER 77\PycharmProjects\DDTTESTING\.venv\Scripts\python314.zip
  C:\Users\AIFA USER 77\AppData\Local\Programs\Python\Python314\DLLs
  C:\Users\AIFA USER 77\AppData\Local\Programs\Python\Python314\Lib
  C:\Users\AIFA USER 77\AppData\Local\Programs\Python\Python314
  C:\Users\AIFA USER 77\PycharmProjects\DDTTESTING\.venv
  C:\Users\AIFA USER 77\PycharmProjects\DDTTESTING\.venv\Lib\site-packages</msg>
</errors>
</robot>
